<?xml version="1.0" encoding="UTF-8"?>
<!-- Generated by org.testng.reporters.JUnitReportReporter -->
<testsuite hostname="LAPTOP-AO9LP0U3" failures="0" tests="2" name="TestMethods.Testcases" time="14.352" errors="0" timestamp="2022-05-05T00:13:05 EEST" skipped="0">
  <testcase classname="TestMethods.Testcases" name="estonia" time="2.661"/>
  <system-out/>
  <testcase classname="TestMethods.Testcases" name="searchProduct" time="11.691"/>
  <system-out/>
</testsuite> <!-- TestMethods.Testcases -->
