<?xml version="1.0" encoding="UTF-8"?>
<!-- Generated by org.testng.reporters.JUnitReportReporter -->
<testsuite hostname="LAPTOP-AO9LP0U3" failures="0" tests="5" name="neha_test.Test2" time="35.780" errors="0" timestamp="2022-04-26T14:07:18 EEST" skipped="0">
  <testcase classname="neha_test.Test2" name="gmailLogin" time="7.380"/>
  <system-out/>
  <testcase classname="neha_test.Test2" name="Registration" time="6.025"/>
  <system-out/>
  <testcase classname="neha_test.Test2" name="Login1" time="0.321"/>
  <system-out/>
  <testcase classname="neha_test.Test2" name="addbookstore" time="11.960"/>
  <system-out/>
  <testcase classname="neha_test.Test2" name="DeleteBook" time="10.094"/>
  <system-out/>
</testsuite> <!-- neha_test.Test2 -->
